<?xml version="1.0" encoding="UTF-8"?>
<testng-results ignored="0" total="1" passed="1" failed="0" skipped="0">
  <reporter-output>
  </reporter-output>
  <suite started-at="2023-07-13T20:54:09 IST" name="Suite" finished-at="2023-07-13T20:55:13 IST" duration-ms="64065">
    <groups>
    </groups>
    <test started-at="2023-07-13T20:54:09 IST" name="Test" finished-at="2023-07-13T20:55:13 IST" duration-ms="64065">
      <class name="com.ticketbooking.tests.TicketBookingTest">
        <test-method is-config="true" signature="beforeMethod(java.lang.String)[pri:0, instance:com.ticketbooking.tests.TicketBookingTest@5e0826e7]" started-at="2023-07-13T20:54:14 IST" name="beforeMethod" finished-at="2023-07-13T20:54:39 IST" duration-ms="24957" status="PASS">
          <params>
            <param index="0">
              <value>
                <![CDATA[chrome]]>
              </value>
            </param>
          </params>
          <reporter-output>
          </reporter-output>
        </test-method> <!-- beforeMethod -->
        <test-method signature="oneWayTicketBookingTest(java.lang.String,java.lang.String,java.lang.String,java.lang.String,java.lang.String,java.lang.String,java.lang.String,java.lang.String,java.lang.String,java.lang.String,java.lang.String,java.lang.String,java.lang.String,java.lang.String,java.lang.String,java.lang.String)[pri:0, instance:com.ticketbooking.tests.TicketBookingTest@5e0826e7]" started-at="2023-07-13T20:54:39 IST" name="oneWayTicketBookingTest" data-provider="bookingDetails" finished-at="2023-07-13T20:55:11 IST" duration-ms="32218" status="PASS">
          <params>
            <param index="0">
              <value>
                <![CDATA[Santosh]]>
              </value>
            </param>
            <param index="1">
              <value>
                <![CDATA[Sharma]]>
              </value>
            </param>
            <param index="2">
              <value>
                <![CDATA[Male]]>
              </value>
            </param>
            <param index="3">
              <value>
                <![CDATA[Delhi]]>
              </value>
            </param>
            <param index="4">
              <value>
                <![CDATA[Pune]]>
              </value>
            </param>
            <param index="5">
              <value>
                <![CDATA[123456789]]>
              </value>
            </param>
            <param index="6">
              <value>
                <![CDATA[ticket@gmail.com]]>
              </value>
            </param>
            <param index="7">
              <value>
                <![CDATA[India]]>
              </value>
            </param>
            <param index="8">
              <value>
                <![CDATA[House-007]]>
              </value>
            </param>
            <param index="9">
              <value>
                <![CDATA[New Delhi]]>
              </value>
            </param>
            <param index="10">
              <value>
                <![CDATA[Delhi]]>
              </value>
            </param>
            <param index="11">
              <value>
                <![CDATA[110006]]>
              </value>
            </param>
            <param index="12">
              <value>
                <![CDATA[1111-1111-1111-1111-1111]]>
              </value>
            </param>
            <param index="13">
              <value>
                <![CDATA[0230]]>
              </value>
            </param>
            <param index="14">
              <value>
                <![CDATA[123]]>
              </value>
            </param>
            <param index="15">
              <value>
                <![CDATA[Santosh]]>
              </value>
            </param>
          </params>
          <reporter-output>
          </reporter-output>
        </test-method> <!-- oneWayTicketBookingTest -->
        <test-method is-config="true" signature="afterMethod()[pri:0, instance:com.ticketbooking.tests.TicketBookingTest@5e0826e7]" started-at="2023-07-13T20:55:11 IST" name="afterMethod" finished-at="2023-07-13T20:55:13 IST" duration-ms="1448" status="PASS">
          <reporter-output>
          </reporter-output>
        </test-method> <!-- afterMethod -->
      </class> <!-- com.ticketbooking.tests.TicketBookingTest -->
    </test> <!-- Test -->
  </suite> <!-- Suite -->
</testng-results>
